<?xml version="1.0" encoding="UTF-8"?>
<testsuite xmlns:xsi="http://www.w3.org/2001/XMLSchema-instance" xsi:noNamespaceSchemaLocation="https://maven.apache.org/surefire/maven-surefire-plugin/xsd/surefire-test-report-3.0.xsd" version="3.0" name="catering.businesslogic.personnel.PermanentStaffTest" time="0.226" tests="1" errors="0" skipped="0" failures="0">
  <properties>
    <property name="java.specification.version" value="21"/>
    <property name="sun.jnu.encoding" value="UTF-8"/>
    <property name="java.class.path" value="/home/tommaso/Desktop/Unito/SaS/Progetto/catering/target/test-classes:/home/tommaso/Desktop/Unito/SaS/Progetto/catering/target/classes:/home/tommaso/.m2/repository/org/xerial/sqlite-jdbc/3.49.1.0/sqlite-jdbc-3.49.1.0.jar:/home/tommaso/.m2/repository/org/junit/jupiter/junit-jupiter-api/5.12.2/junit-jupiter-api-5.12.2.jar:/home/tommaso/.m2/repository/org/opentest4j/opentest4j/1.3.0/opentest4j-1.3.0.jar:/home/tommaso/.m2/repository/org/junit/platform/junit-platform-commons/1.12.2/junit-platform-commons-1.12.2.jar:/home/tommaso/.m2/repository/org/apiguardian/apiguardian-api/1.1.2/apiguardian-api-1.1.2.jar:/home/tommaso/.m2/repository/org/junit/jupiter/junit-jupiter-engine/5.12.2/junit-jupiter-engine-5.12.2.jar:/home/tommaso/.m2/repository/org/junit/platform/junit-platform-engine/1.12.2/junit-platform-engine-1.12.2.jar:"/>
    <property name="java.vm.vendor" value="Ubuntu"/>
    <property name="sun.arch.data.model" value="64"/>
    <property name="java.vendor.url" value="https://ubuntu.com/"/>
    <property name="user.timezone" value="Europe/Rome"/>
    <property name="os.name" value="Linux"/>
    <property name="java.vm.specification.version" value="21"/>
    <property name="sun.java.launcher" value="SUN_STANDARD"/>
    <property name="user.country" value="US"/>
    <property name="sun.boot.library.path" value="/usr/lib/jvm/java-21-openjdk-amd64/lib"/>
    <property name="sun.java.command" value="/home/tommaso/Desktop/Unito/SaS/Progetto/catering/target/surefire/surefirebooter-20250713104312287_3.jar /home/tommaso/Desktop/Unito/SaS/Progetto/catering/target/surefire 2025-07-13T10-43-12_094-jvmRun1 surefire-20250713104312287_1tmp surefire_0-20250713104312287_2tmp"/>
    <property name="jdk.debug" value="release"/>
    <property name="surefire.test.class.path" value="/home/tommaso/Desktop/Unito/SaS/Progetto/catering/target/test-classes:/home/tommaso/Desktop/Unito/SaS/Progetto/catering/target/classes:/home/tommaso/.m2/repository/org/xerial/sqlite-jdbc/3.49.1.0/sqlite-jdbc-3.49.1.0.jar:/home/tommaso/.m2/repository/org/junit/jupiter/junit-jupiter-api/5.12.2/junit-jupiter-api-5.12.2.jar:/home/tommaso/.m2/repository/org/opentest4j/opentest4j/1.3.0/opentest4j-1.3.0.jar:/home/tommaso/.m2/repository/org/junit/platform/junit-platform-commons/1.12.2/junit-platform-commons-1.12.2.jar:/home/tommaso/.m2/repository/org/apiguardian/apiguardian-api/1.1.2/apiguardian-api-1.1.2.jar:/home/tommaso/.m2/repository/org/junit/jupiter/junit-jupiter-engine/5.12.2/junit-jupiter-engine-5.12.2.jar:/home/tommaso/.m2/repository/org/junit/platform/junit-platform-engine/1.12.2/junit-platform-engine-1.12.2.jar:"/>
    <property name="sun.cpu.endian" value="little"/>
    <property name="user.home" value="/home/tommaso"/>
    <property name="user.language" value="en"/>
    <property name="java.specification.vendor" value="Oracle Corporation"/>
    <property name="java.version.date" value="2025-04-15"/>
    <property name="java.home" value="/usr/lib/jvm/java-21-openjdk-amd64"/>
    <property name="file.separator" value="/"/>
    <property name="basedir" value="/home/tommaso/Desktop/Unito/SaS/Progetto/catering"/>
    <property name="java.vm.compressedOopsMode" value="Zero based"/>
    <property name="line.separator" value="&#10;"/>
    <property name="java.specification.name" value="Java Platform API Specification"/>
    <property name="java.vm.specification.vendor" value="Oracle Corporation"/>
    <property name="surefire.real.class.path" value="/home/tommaso/Desktop/Unito/SaS/Progetto/catering/target/surefire/surefirebooter-20250713104312287_3.jar"/>
    <property name="sun.management.compiler" value="HotSpot 64-Bit Tiered Compilers"/>
    <property name="java.runtime.version" value="21.0.7+6-Ubuntu-0ubuntu125.04"/>
    <property name="user.name" value="tommaso"/>
    <property name="stdout.encoding" value="UTF-8"/>
    <property name="path.separator" value=":"/>
    <property name="os.version" value="6.14.0-23-generic"/>
    <property name="java.runtime.name" value="OpenJDK Runtime Environment"/>
    <property name="file.encoding" value="UTF-8"/>
    <property name="java.vm.name" value="OpenJDK 64-Bit Server VM"/>
    <property name="localRepository" value="/home/tommaso/.m2/repository"/>
    <property name="java.vendor.url.bug" value="https://bugs.launchpad.net/ubuntu/+source/openjdk-21"/>
    <property name="java.io.tmpdir" value="/tmp"/>
    <property name="java.version" value="21.0.7"/>
    <property name="user.dir" value="/home/tommaso/Desktop/Unito/SaS/Progetto/catering"/>
    <property name="os.arch" value="amd64"/>
    <property name="java.vm.specification.name" value="Java Virtual Machine Specification"/>
    <property name="native.encoding" value="UTF-8"/>
    <property name="java.library.path" value="/usr/java/packages/lib:/usr/lib/x86_64-linux-gnu/jni:/lib/x86_64-linux-gnu:/usr/lib/x86_64-linux-gnu:/usr/lib/jni:/lib:/usr/lib"/>
    <property name="java.vm.info" value="mixed mode, sharing"/>
    <property name="stderr.encoding" value="UTF-8"/>
    <property name="java.vendor" value="Ubuntu"/>
    <property name="java.vm.version" value="21.0.7+6-Ubuntu-0ubuntu125.04"/>
    <property name="sun.io.unicode.encoding" value="UnicodeLittle"/>
    <property name="java.class.version" value="65.0"/>
  </properties>
  <testcase name="testMultipleStaffHolidayRequests" classname="catering.businesslogic.personnel.PermanentStaffTest" time="0.161">
    <system-out><![CDATA[Mario Rossi ha richiesto ferie dal Thu Jul 10 00:00:00 CEST 2025 al Tue Jul 15 00:00:00 CEST 2025
Luca Bianchi ha richiesto ferie dal Sat Jul 12 00:00:00 CEST 2025 al Fri Jul 18 00:00:00 CEST 2025
Giulia Verdi ha richiesto ferie dal Sun Jul 20 00:00:00 CEST 2025 al Fri Jul 25 00:00:00 CEST 2025
Anna Neri ha richiesto ferie dal Tue Jul 15 00:00:00 CEST 2025 al Thu Jul 17 00:00:00 CEST 2025
Paolo Gialli ha richiesto ferie dal Mon Jul 14 00:00:00 CEST 2025 al Wed Jul 16 00:00:00 CEST 2025
Mario Rossi - Ferie attiva il Tue Jul 15 00:00:00 CEST 2025: true |
 Disponibile: false | Stato richiesta: APPROVATA

Luca Bianchi - Ferie attiva il Tue Jul 15 00:00:00 CEST 2025: false |
 Disponibile: true | Stato richiesta: RIFIUTATA

Giulia Verdi - Ferie attiva il Tue Jul 15 00:00:00 CEST 2025: false |
 Disponibile: true | Stato richiesta: APPROVATA

Anna Neri - Ferie attiva il Tue Jul 15 00:00:00 CEST 2025: false |
 Disponibile: true | Stato richiesta: RIFIUTATA

Paolo Gialli - Ferie attiva il Tue Jul 15 00:00:00 CEST 2025: true |
 Disponibile: false | Stato richiesta: APPROVATA

Mario Rossi - Ferie attiva il Sat Jul 26 00:00:00 CEST 2025: false | Disponibile: true | Stato richiesta: APPROVATA
Luca Bianchi - Ferie attiva il Sat Jul 26 00:00:00 CEST 2025: false | Disponibile: true | Stato richiesta: RIFIUTATA
Giulia Verdi - Ferie attiva il Sat Jul 26 00:00:00 CEST 2025: false | Disponibile: true | Stato richiesta: APPROVATA
Anna Neri - Ferie attiva il Sat Jul 26 00:00:00 CEST 2025: false | Disponibile: true | Stato richiesta: RIFIUTATA
Paolo Gialli - Ferie attiva il Sat Jul 26 00:00:00 CEST 2025: false | Disponibile: true | Stato richiesta: APPROVATA
]]></system-out>
  </testcase>
</testsuite>